00:49:41.040 [main] INFO  api.test.UserTests - ********************Creating user********************
00:49:44.719 [main] INFO  api.test.UserTests - ********************User is Created********************
00:49:44.736 [main] INFO  api.test.UserTests - ********************Reading user info*****************
00:49:47.385 [main] INFO  api.test.UserTests - ********************Updating User********************
00:49:48.995 [main] INFO  api.test.UserTests - ********************User update********************
00:49:50.541 [main] INFO  api.test.UserTests - ********************Deleting User********************
00:49:52.171 [main] INFO  api.test.UserTests - ********************User is Deleting********************
00:50:00.874 [main] INFO  api.test.UserTests - ********************Creating user********************
00:50:04.457 [main] INFO  api.test.UserTests - ********************User is Created********************
00:50:04.473 [main] INFO  api.test.UserTests - ********************Reading user info*****************
00:50:07.045 [main] INFO  api.test.UserTests - ********************Updating User********************
00:50:08.659 [main] INFO  api.test.UserTests - ********************User update********************
00:50:10.207 [main] INFO  api.test.UserTests - ********************Deleting User********************
00:50:11.728 [main] INFO  api.test.UserTests - ********************User is Deleting********************
00:50:40.636 [main] INFO  api.test.UserTests - ********************Creating user********************
00:50:44.413 [main] INFO  api.test.UserTests - ********************User is Created********************
00:50:44.429 [main] INFO  api.test.UserTests - ********************Reading user info*****************
00:50:47.062 [main] INFO  api.test.UserTests - ********************User info is displayed********************
00:50:47.071 [main] INFO  api.test.UserTests - ********************Updating User********************
00:50:48.700 [main] INFO  api.test.UserTests - ********************User update********************
00:50:50.242 [main] INFO  api.test.UserTests - ********************Deleting User********************
15:23:22.031 [main] INFO  api.test.UserTests2 - ********************Creating user********************
15:23:22.077 [main] INFO  api.test.UserTests2 - ********************Reading user info*****************
15:23:23.098 [main] INFO  api.test.UserTests2 - ********************Updating User********************
15:23:23.115 [main] INFO  api.test.UserTests2 - ********************Deleting User********************
15:42:23.810 [main] INFO  api.test.UserTests2 - ********************Creating user********************
16:11:08.265 [main] INFO  api.test.UserTests2 - ********************Creating user********************
16:11:11.184 [main] INFO  api.test.UserTests2 - ********************User is Created********************
16:11:11.194 [main] INFO  api.test.UserTests2 - ********************Reading user info*****************
16:11:13.632 [main] INFO  api.test.UserTests2 - ********************User info is displayed********************
16:11:13.635 [main] INFO  api.test.UserTests2 - ********************Updating User********************
16:11:15.070 [main] INFO  api.test.UserTests2 - ********************User is Updated********************
16:11:16.901 [main] INFO  api.test.UserTests2 - ********************Deleting User********************
16:11:18.309 [main] INFO  api.test.UserTests2 - ********************User is Deleting********************
22:24:59.359 [main] INFO  api.test.UserTests2 - ********************Creating user********************
22:25:03.714 [main] INFO  api.test.UserTests2 - ********************User is Created********************
22:25:03.726 [main] INFO  api.test.UserTests2 - ********************Reading user info*****************
22:25:06.895 [main] INFO  api.test.UserTests2 - ********************Updating User********************
22:25:08.916 [main] INFO  api.test.UserTests2 - ********************User is Updated********************
22:25:11.631 [main] INFO  api.test.UserTests2 - ********************Deleting User********************
22:25:13.679 [main] INFO  api.test.UserTests2 - ********************User is Deleting********************
22:27:18.435 [main] INFO  api.test.UserTests2 - ********************Creating user********************
22:27:22.569 [main] INFO  api.test.UserTests2 - ********************User is Created********************
22:27:22.581 [main] INFO  api.test.UserTests2 - ********************Reading user info*****************
22:27:25.546 [main] INFO  api.test.UserTests2 - ********************Updating User********************
22:27:30.847 [main] INFO  api.test.UserTests2 - ********************User is Updated********************
22:27:33.456 [main] INFO  api.test.UserTests2 - ********************Deleting User********************
22:27:35.448 [main] INFO  api.test.UserTests2 - ********************User is Deleting********************
22:30:04.120 [main] INFO  api.test.UserTests2 - ********************Creating user********************
22:30:08.273 [main] INFO  api.test.UserTests2 - ********************User is Created********************
22:30:08.290 [main] INFO  api.test.UserTests2 - ********************Reading user info*****************
22:30:11.141 [main] INFO  api.test.UserTests2 - ********************User info is displayed********************
22:30:11.148 [main] INFO  api.test.UserTests2 - ********************Updating User********************
22:30:12.844 [main] INFO  api.test.UserTests2 - ********************User is Updated********************
22:30:14.910 [main] INFO  api.test.UserTests2 - ********************Deleting User********************
22:30:16.624 [main] INFO  api.test.UserTests2 - ********************User is Deleting********************
22:30:27.981 [main] INFO  api.test.UserTests2 - ********************Creating user********************
22:30:32.099 [main] INFO  api.test.UserTests2 - ********************User is Created********************
22:30:32.117 [main] INFO  api.test.UserTests2 - ********************Reading user info*****************
22:30:35.087 [main] INFO  api.test.UserTests2 - ********************Updating User********************
22:30:37.105 [main] INFO  api.test.UserTests2 - ********************User is Updated********************
22:30:39.561 [main] INFO  api.test.UserTests2 - ********************Deleting User********************
22:30:41.406 [main] INFO  api.test.UserTests2 - ********************User is Deleting********************
22:42:00.588 [main] INFO  api.test.UserTests2 - ********************Creating user********************
22:42:04.627 [main] INFO  api.test.UserTests2 - ********************User is Created********************
22:42:04.636 [main] INFO  api.test.UserTests2 - ********************Reading user info*****************
22:42:07.412 [main] INFO  api.test.UserTests2 - ********************Updating User********************
22:42:09.330 [main] INFO  api.test.UserTests2 - ********************User is Updated********************
22:42:11.998 [main] INFO  api.test.UserTests2 - ********************Deleting User********************
22:42:13.937 [main] INFO  api.test.UserTests2 - ********************User is Deleting********************
22:43:52.831 [main] INFO  api.test.UserTests2 - ********************Creating user********************
22:43:56.957 [main] INFO  api.test.UserTests2 - ********************User is Created********************
22:43:56.967 [main] INFO  api.test.UserTests2 - ********************Reading user info*****************
22:43:59.950 [main] INFO  api.test.UserTests2 - ********************Updating User********************
22:44:01.768 [main] INFO  api.test.UserTests2 - ********************User is Updated********************
22:44:04.082 [main] INFO  api.test.UserTests2 - ********************Deleting User********************
22:44:06.093 [main] INFO  api.test.UserTests2 - ********************User is Deleting********************
22:45:11.184 [main] INFO  api.test.UserTests2 - ********************Creating user********************
22:45:15.253 [main] INFO  api.test.UserTests2 - ********************User is Created********************
22:45:15.262 [main] INFO  api.test.UserTests2 - ********************Reading user info*****************
22:45:20.310 [main] INFO  api.test.UserTests2 - ********************User info is displayed********************
22:45:20.317 [main] INFO  api.test.UserTests2 - ********************Updating User********************
22:45:22.263 [main] INFO  api.test.UserTests2 - ********************User is Updated********************
22:45:24.684 [main] INFO  api.test.UserTests2 - ********************Deleting User********************
22:45:26.551 [main] INFO  api.test.UserTests2 - ********************User is Deleting********************
22:45:40.343 [main] INFO  api.test.UserTests2 - ********************Creating user********************
22:45:44.074 [main] INFO  api.test.UserTests2 - ********************User is Created********************
22:45:44.089 [main] INFO  api.test.UserTests2 - ********************Reading user info*****************
22:45:49.182 [main] INFO  api.test.UserTests2 - ********************User info is displayed********************
22:45:49.187 [main] INFO  api.test.UserTests2 - ********************Updating User********************
22:45:51.263 [main] INFO  api.test.UserTests2 - ********************User is Updated********************
22:45:53.777 [main] INFO  api.test.UserTests2 - ********************Deleting User********************
22:45:55.837 [main] INFO  api.test.UserTests2 - ********************User is Deleting********************
22:46:08.849 [main] INFO  api.test.UserTests2 - ********************Creating user********************
22:46:13.153 [main] INFO  api.test.UserTests2 - ********************User is Created********************
22:46:13.165 [main] INFO  api.test.UserTests2 - ********************Reading user info*****************
22:46:18.422 [main] INFO  api.test.UserTests2 - ********************User info is displayed********************
22:46:18.428 [main] INFO  api.test.UserTests2 - ********************Updating User********************
22:46:20.358 [main] INFO  api.test.UserTests2 - ********************User is Updated********************
22:46:22.800 [main] INFO  api.test.UserTests2 - ********************Deleting User********************
22:46:24.714 [main] INFO  api.test.UserTests2 - ********************User is Deleting********************
23:00:10.720 [main] INFO  api.test.UserTests2 - ********************Creating user********************
23:00:13.594 [main] INFO  api.test.UserTests2 - ********************User is Created********************
23:00:13.603 [main] INFO  api.test.UserTests2 - ********************Reading user info*****************
23:00:18.235 [main] INFO  api.test.UserTests2 - ********************User info is displayed********************
23:00:18.236 [main] INFO  api.test.UserTests2 - ********************Updating User********************
23:00:19.780 [main] INFO  api.test.UserTests2 - ********************User is Updated********************
23:00:21.394 [main] INFO  api.test.UserTests2 - ********************Deleting User********************
23:04:29.779 [main] INFO  api.test.UserTests2 - ********************Creating user********************
23:04:32.796 [main] INFO  api.test.UserTests2 - ********************User is Created********************
23:04:32.804 [main] INFO  api.test.UserTests2 - ********************Reading user info*****************
23:04:37.168 [main] INFO  api.test.UserTests2 - ********************Updating User********************
23:04:38.808 [main] INFO  api.test.UserTests2 - ********************User is Updated********************
23:04:40.778 [main] INFO  api.test.UserTests2 - ********************Deleting User********************
23:04:42.544 [main] INFO  api.test.UserTests2 - ********************User is Deleting********************
23:05:12.410 [main] INFO  api.test.UserTests2 - ********************Creating user********************
23:05:15.278 [main] INFO  api.test.UserTests2 - ********************User is Created********************
23:05:15.286 [main] INFO  api.test.UserTests2 - ********************Reading user info*****************
23:05:19.878 [main] INFO  api.test.UserTests2 - ********************Updating User********************
23:05:21.500 [main] INFO  api.test.UserTests2 - ********************User is Updated********************
23:05:23.086 [main] INFO  api.test.UserTests2 - ********************Deleting User********************
23:05:55.772 [main] INFO  api.test.UserTests2 - ********************Creating user********************
23:05:58.700 [main] INFO  api.test.UserTests2 - ********************User is Created********************
23:05:58.705 [main] INFO  api.test.UserTests2 - ********************Reading user info*****************
23:06:03.271 [main] INFO  api.test.UserTests2 - ********************User info is displayed********************
23:06:03.275 [main] INFO  api.test.UserTests2 - ********************Updating User********************
23:06:06.934 [main] INFO  api.test.UserTests2 - ********************User is Updated********************
23:06:08.990 [main] INFO  api.test.UserTests2 - ********************Deleting User********************
23:06:46.712 [main] INFO  api.test.UserTests2 - ********************Creating user********************
23:06:49.440 [main] INFO  api.test.UserTests2 - ********************User is Created********************
23:06:49.444 [main] INFO  api.test.UserTests2 - ********************Reading user info*****************
23:06:54.030 [main] INFO  api.test.UserTests2 - ********************Updating User********************
23:06:57.632 [main] INFO  api.test.UserTests2 - ********************User is Updated********************
23:07:00.652 [main] INFO  api.test.UserTests2 - ********************Deleting User********************
23:07:02.144 [main] INFO  api.test.UserTests2 - ********************User is Deleting********************
23:07:11.194 [main] INFO  api.test.UserTests2 - ********************Creating user********************
23:07:13.955 [main] INFO  api.test.UserTests2 - ********************User is Created********************
23:07:13.960 [main] INFO  api.test.UserTests2 - ********************Reading user info*****************
23:07:18.695 [main] INFO  api.test.UserTests2 - ********************User info is displayed********************
23:07:18.707 [main] INFO  api.test.UserTests2 - ********************Updating User********************
23:07:22.480 [main] INFO  api.test.UserTests2 - ********************User is Updated********************
23:07:25.436 [main] INFO  api.test.UserTests2 - ********************Deleting User********************
23:07:27.107 [main] INFO  api.test.UserTests2 - ********************User is Deleting********************
23:07:41.816 [main] INFO  api.test.UserTests2 - ********************Creating user********************
23:07:44.544 [main] INFO  api.test.UserTests2 - ********************User is Created********************
23:07:44.551 [main] INFO  api.test.UserTests2 - ********************Reading user info*****************
23:07:49.203 [main] INFO  api.test.UserTests2 - ********************Updating User********************
23:07:52.852 [main] INFO  api.test.UserTests2 - ********************User is Updated********************
23:07:55.837 [main] INFO  api.test.UserTests2 - ********************Deleting User********************
23:07:57.377 [main] INFO  api.test.UserTests2 - ********************User is Deleting********************
23:08:13.669 [main] INFO  api.test.UserTests2 - ********************Creating user********************
23:08:16.507 [main] INFO  api.test.UserTests2 - ********************User is Created********************
23:08:16.515 [main] INFO  api.test.UserTests2 - ********************Reading user info*****************
23:08:21.109 [main] INFO  api.test.UserTests2 - ********************Updating User********************
23:08:24.889 [main] INFO  api.test.UserTests2 - ********************User is Updated********************
23:08:27.345 [main] INFO  api.test.UserTests2 - ********************Deleting User********************
23:08:28.912 [main] INFO  api.test.UserTests2 - ********************User is Deleting********************
23:09:24.768 [main] INFO  api.test.UserTests2 - ********************Creating user********************
23:09:27.492 [main] INFO  api.test.UserTests2 - ********************User is Created********************
23:09:27.499 [main] INFO  api.test.UserTests2 - ********************Reading user info*****************
23:09:31.971 [main] INFO  api.test.UserTests2 - ********************Updating User********************
23:09:35.550 [main] INFO  api.test.UserTests2 - ********************User is Updated********************
23:09:38.509 [main] INFO  api.test.UserTests2 - ********************Deleting User********************
23:09:40.155 [main] INFO  api.test.UserTests2 - ********************User is Deleting********************
23:14:01.380 [main] INFO  api.test.UserTests2 - ********************Creating user********************
23:14:04.047 [main] INFO  api.test.UserTests2 - ********************User is Created********************
23:14:04.055 [main] INFO  api.test.UserTests2 - ********************Reading user info*****************
23:14:08.684 [main] INFO  api.test.UserTests2 - ********************Updating User********************
23:14:12.136 [main] INFO  api.test.UserTests2 - ********************User is Updated********************
23:14:15.058 [main] INFO  api.test.UserTests2 - ********************Deleting User********************
23:14:16.544 [main] INFO  api.test.UserTests2 - ********************User is Deleting********************
23:26:58.701 [main] INFO  api.test.UserTests - ********************Creating user********************
23:27:01.713 [main] INFO  api.test.UserTests - ********************User is Created********************
23:27:01.722 [main] INFO  api.test.UserTests - ********************Reading user info*****************
23:27:04.169 [main] INFO  api.test.UserTests - ********************User info is displayed********************
23:27:04.173 [main] INFO  api.test.UserTests - ********************Updating User********************
23:27:05.699 [main] INFO  api.test.UserTests - ********************User update********************
23:27:07.250 [main] INFO  api.test.UserTests - ********************Deleting User********************
23:28:03.129 [main] INFO  api.test.UserTests - ********************Creating user********************
23:28:05.874 [main] INFO  api.test.UserTests - ********************User is Created********************
23:28:05.883 [main] INFO  api.test.UserTests - ********************Reading user info*****************
23:28:12.363 [main] INFO  api.test.UserTests - ********************Updating User********************
23:28:13.721 [main] INFO  api.test.UserTests - ********************User update********************
23:28:15.181 [main] INFO  api.test.UserTests - ********************Deleting User********************
23:32:00.661 [main] INFO  api.test.UserTests - ********************Creating user********************
23:32:03.533 [main] INFO  api.test.UserTests - ********************User is Created********************
23:32:03.538 [main] INFO  api.test.UserTests - ********************Reading user info*****************
23:32:10.113 [main] INFO  api.test.UserTests - ********************Updating User********************
23:32:11.583 [main] INFO  api.test.UserTests - ********************User update********************
23:32:13.073 [main] INFO  api.test.UserTests - ********************Deleting User********************
23:32:29.250 [main] INFO  api.test.UserTests - ********************Updating User********************
23:32:31.909 [main] INFO  api.test.UserTests - ********************User update********************
23:32:48.986 [main] INFO  api.test.UserTests - ********************Creating user********************
23:32:51.690 [main] INFO  api.test.UserTests - ********************User is Created********************
23:32:51.695 [main] INFO  api.test.UserTests - ********************Reading user info*****************
23:32:56.320 [main] INFO  api.test.UserTests - ********************User info is displayed********************
23:32:59.334 [main] INFO  api.test.UserTests - ********************Updating User********************
23:33:00.894 [main] INFO  api.test.UserTests - ********************User update********************
23:33:02.314 [main] INFO  api.test.UserTests - ********************Deleting User********************
23:33:03.842 [main] INFO  api.test.UserTests - ********************User is Deleting********************
23:33:15.408 [main] INFO  api.test.UserTests - ********************Creating user********************
23:33:18.048 [main] INFO  api.test.UserTests - ********************User is Created********************
23:33:18.057 [main] INFO  api.test.UserTests - ********************Reading user info*****************
23:33:22.667 [main] INFO  api.test.UserTests - ********************User info is displayed********************
23:33:25.682 [main] INFO  api.test.UserTests - ********************Updating User********************
23:33:27.175 [main] INFO  api.test.UserTests - ********************User update********************
23:33:28.668 [main] INFO  api.test.UserTests - ********************Deleting User********************
23:33:55.506 [main] INFO  api.test.UserTests - ********************Creating user********************
23:33:58.147 [main] INFO  api.test.UserTests - ********************User is Created********************
23:33:58.157 [main] INFO  api.test.UserTests - ********************Reading user info*****************
23:34:05.655 [main] INFO  api.test.UserTests - ********************Updating User********************
23:34:07.225 [main] INFO  api.test.UserTests - ********************User update********************
23:34:08.731 [main] INFO  api.test.UserTests - ********************Deleting User********************
23:34:10.285 [main] INFO  api.test.UserTests - ********************User is Deleting********************
